c:\users\kacper\desktop\psi\lab1\program1\program1\debug\vc140.pdb
c:\users\kacper\desktop\psi\lab1\program1\program1\debug\vc140.idb
c:\users\kacper\desktop\psi\lab1\program1\program1\debug\neuron.obj
c:\users\kacper\desktop\psi\lab1\program1\program1\debug\source.obj
c:\users\kacper\desktop\psi\lab2\program1\program1\debug\vc140.pdb
c:\users\kacper\desktop\psi\lab2\program1\program1\debug\vc140.idb
c:\users\kacper\desktop\psi\lab2\program1\program1\debug\neuron.obj
c:\users\kacper\desktop\psi\lab2\program1\program1\debug\source.obj
c:\users\kacper\desktop\psi\lab2\program1 — kopia\program1\debug\vc140.pdb
c:\users\kacper\desktop\psi\lab2\program1 — kopia\program1\debug\vc140.idb
c:\users\kacper\desktop\psi\lab2\program1 — kopia\program1\debug\neuron.obj
c:\users\kacper\desktop\psi\lab2\program1 — kopia\program1\debug\source.obj
c:\users\kacper\desktop\psi\lab1\program1\debug\program1.ilk
c:\users\kacper\desktop\psi\lab1\program1\debug\program1.exe
c:\users\kacper\desktop\psi\lab1\program1\debug\program1.pdb
c:\users\kacper\desktop\psi\lab2\program1\debug\program1.ilk
c:\users\kacper\desktop\psi\lab2\program1\debug\program1.exe
c:\users\kacper\desktop\psi\lab2\program1\debug\program1.pdb
c:\users\kacper\desktop\psi\lab2\program1 — kopia\debug\program1.pdb
c:\users\kacper\desktop\psi\lab2\program1 — kopia\debug\program1.exe
c:\users\kacper\desktop\psi\lab2\program1 — kopia\debug\program1.ilk
c:\users\kacper\desktop\psi\lab2\program1 — kopia\program1\debug\program1.tlog\cl.command.1.tlog
c:\users\kacper\desktop\psi\lab2\program1 — kopia\program1\debug\program1.tlog\cl.read.1.tlog
c:\users\kacper\desktop\psi\lab2\program1 — kopia\program1\debug\program1.tlog\cl.write.1.tlog
c:\users\kacper\desktop\psi\lab2\program1 — kopia\program1\debug\program1.tlog\link.command.1.tlog
c:\users\kacper\desktop\psi\lab2\program1 — kopia\program1\debug\program1.tlog\link.read.1.tlog
c:\users\kacper\desktop\psi\lab2\program1 — kopia\program1\debug\program1.tlog\link.write.1.tlog
